# JRE version: OpenJDK Runtime Environment Temurin-17.0.10+7 (17.0.10+7) (build 17.0.10+7)
# Java VM: OpenJDK 64-Bit Server VM Temurin-17.0.10+7 (17.0.10+7, mixed mode, sharing, tiered, compressed oops, compressed class ptrs, g1 gc, windows-amd64)
GC Precious Log:
 CPUs: 16 total, 16 available
 Memory: 14020M
 Large Page Support: Disabled
 NUMA Support: Disabled
 Compressed Oops: Enabled (Zero based)
 Heap Region Size: 2M
 Heap Min Capacity: 8M
 Heap Initial Capacity: 220M
 Heap Max Capacity: 3G
 Pre-touch: Disabled
 Parallel Workers: 13
 Concurrent Workers: 3
 Concurrent Refinement Workers: 13
 Periodic GC: Disabled
Heap:
 garbage-first heap   total 231424K, used 171195K [0x0000000740000000, 0x0000000800000000)
  region size 2048K, 2 young (4096K), 2 survivors (4096K)
 Metaspace       used 68831K, committed 69440K, reserved 1114112K
  class space    used 9715K, committed 9984K, reserved 1048576K
GC Heap History (20 events):
Event: 6.581 GC heap after
{Heap after GC invocations=22 (full 0):
 garbage-first heap   total 112640K, used 55736K [0x0000000740000000, 0x0000000800000000)
  region size 2048K, 1 young (2048K), 1 survivors (2048K)
 Metaspace       used 63114K, committed 63744K, reserved 1114112K
  class space    used 8881K, committed 9216K, reserved 1048576K
}
Event: 7.082 GC heap before
{Heap before GC invocations=23 (full 0):
 garbage-first heap   total 120832K, used 80312K [0x0000000740000000, 0x0000000800000000)
  region size 2048K, 9 young (18432K), 1 survivors (2048K)
 Metaspace       used 64250K, committed 64896K, reserved 1114112K
  class space    used 9084K, committed 9408K, reserved 1048576K
}
Event: 7.084 GC heap after
{Heap after GC invocations=24 (full 0):
 garbage-first heap   total 120832K, used 56916K [0x0000000740000000, 0x0000000800000000)
  region size 2048K, 2 young (4096K), 2 survivors (4096K)
 Metaspace       used 64250K, committed 64896K, reserved 1114112K
  class space    used 9084K, committed 9408K, reserved 1048576K
}
Event: 7.182 GC heap before
{Heap before GC invocations=25 (full 0):
 garbage-first heap   total 120832K, used 67156K [0x0000000740000000, 0x0000000800000000)
  region size 2048K, 6 young (12288K), 2 survivors (4096K)
 Metaspace       used 65335K, committed 65984K, reserved 1114112K
  class space    used 9186K, committed 9472K, reserved 1048576K
}
Event: 7.184 GC heap after
{Heap after GC invocations=26 (full 0):
 garbage-first heap   total 120832K, used 57338K [0x0000000740000000, 0x0000000800000000)
  region size 2048K, 2 young (4096K), 2 survivors (4096K)
 Metaspace       used 65335K, committed 65984K, reserved 1114112K
  class space    used 9186K, committed 9472K, reserved 1048576K
}
Event: 7.391 GC heap before
{Heap before GC invocations=27 (full 0):
 garbage-first heap   total 147456K, used 98298K [0x0000000740000000, 0x0000000800000000)
  region size 2048K, 11 young (22528K), 2 survivors (4096K)
 Metaspace       used 65703K, committed 66368K, reserved 1114112K
  class space    used 9202K, committed 9536K, reserved 1048576K
}
Event: 7.394 GC heap after
{Heap after GC invocations=28 (full 0):
 garbage-first heap   total 147456K, used 58972K [0x0000000740000000, 0x0000000800000000)
  region size 2048K, 2 young (4096K), 2 survivors (4096K)
 Metaspace       used 65703K, committed 66368K, reserved 1114112K
  class space    used 9202K, committed 9536K, reserved 1048576K
}
Event: 7.425 GC heap before
{Heap before GC invocations=28 (full 0):
 garbage-first heap   total 147456K, used 87644K [0x0000000740000000, 0x0000000800000000)
  region size 2048K, 5 young (10240K), 2 survivors (4096K)
 Metaspace       used 65745K, committed 66432K, reserved 1114112K
  class space    used 9202K, committed 9536K, reserved 1048576K
}
Event: 7.427 GC heap after
{Heap after GC invocations=29 (full 0):
 garbage-first heap   total 147456K, used 58987K [0x0000000740000000, 0x0000000800000000)
  region size 2048K, 2 young (4096K), 2 survivors (4096K)
 Metaspace       used 65745K, committed 66432K, reserved 1114112K
  class space    used 9202K, committed 9536K, reserved 1048576K
}
Event: 7.431 GC heap before
{Heap before GC invocations=29 (full 0):
 garbage-first heap   total 147456K, used 61035K [0x0000000740000000, 0x0000000800000000)
  region size 2048K, 3 young (6144K), 2 survivors (4096K)
 Metaspace       used 65745K, committed 66432K, reserved 1114112K
  class space    used 9202K, committed 9536K, reserved 1048576K
}
Event: 7.433 GC heap after
{Heap after GC invocations=30 (full 0):
 garbage-first heap   total 182272K, used 58935K [0x0000000740000000, 0x0000000800000000)
  region size 2048K, 2 young (4096K), 2 survivors (4096K)
 Metaspace       used 65745K, committed 66432K, reserved 1114112K
  class space    used 9202K, committed 9536K, reserved 1048576K
}
Event: 7.456 GC heap before
{Heap before GC invocations=30 (full 0):
 garbage-first heap   total 182272K, used 83511K [0x0000000740000000, 0x0000000800000000)
  region size 2048K, 3 young (6144K), 2 survivors (4096K)
 Metaspace       used 65749K, committed 66432K, reserved 1114112K
  class space    used 9202K, committed 9536K, reserved 1048576K
}
Event: 7.458 GC heap after
{Heap after GC invocations=31 (full 0):
 garbage-first heap   total 182272K, used 58847K [0x0000000740000000, 0x0000000800000000)
  region size 2048K, 2 young (4096K), 2 survivors (4096K)
 Metaspace       used 65749K, committed 66432K, reserved 1114112K
  class space    used 9202K, committed 9536K, reserved 1048576K
}
Event: 7.928 GC heap before
{Heap before GC invocations=31 (full 0):
 garbage-first heap   total 182272K, used 124383K [0x0000000740000000, 0x0000000800000000)
  region size 2048K, 24 young (49152K), 2 survivors (4096K)
 Metaspace       used 68714K, committed 69376K, reserved 1114112K
  class space    used 9705K, committed 9984K, reserved 1048576K
}
Event: 7.932 GC heap after
{Heap after GC invocations=32 (full 0):
 garbage-first heap   total 182272K, used 65355K [0x0000000740000000, 0x0000000800000000)
  region size 2048K, 4 young (8192K), 4 survivors (8192K)
 Metaspace       used 68714K, committed 69376K, reserved 1114112K
  class space    used 9705K, committed 9984K, reserved 1048576K
}
Event: 8.066 GC heap before
{Heap before GC invocations=32 (full 0):
 garbage-first heap   total 182272K, used 161611K [0x0000000740000000, 0x0000000800000000)
  region size 2048K, 45 young (92160K), 4 survivors (8192K)
 Metaspace       used 68831K, committed 69440K, reserved 1114112K
  class space    used 9715K, committed 9984K, reserved 1048576K
}
Event: 8.089 GC heap after
{Heap after GC invocations=33 (full 0):
 garbage-first heap   total 231424K, used 124649K [0x0000000740000000, 0x0000000800000000)
  region size 2048K, 6 young (12288K), 6 survivors (12288K)
 Metaspace       used 68831K, committed 69440K, reserved 1114112K
  class space    used 9715K, committed 9984K, reserved 1048576K
}
Event: 8.126 GC heap before
{Heap before GC invocations=33 (full 0):
 garbage-first heap   total 231424K, used 167657K [0x0000000740000000, 0x0000000800000000)
  region size 2048K, 27 young (55296K), 6 survivors (12288K)
 Metaspace       used 68831K, committed 69440K, reserved 1114112K
  class space    used 9715K, committed 9984K, reserved 1048576K
}
Event: 8.136 GC heap after
{Heap after GC invocations=34 (full 0):
 garbage-first heap   total 231424K, used 154464K [0x0000000740000000, 0x0000000800000000)
  region size 2048K, 4 young (8192K), 4 survivors (8192K)
 Metaspace       used 68831K, committed 69440K, reserved 1114112K
  class space    used 9715K, committed 9984K, reserved 1048576K
}
Event: 8.156 GC heap before
{Heap before GC invocations=34 (full 0):
 garbage-first heap   total 231424K, used 176992K [0x0000000740000000, 0x0000000800000000)
  region size 2048K, 15 young (30720K), 4 survivors (8192K)
 Metaspace       used 68831K, committed 69440K, reserved 1114112K
  class space    used 9715K, committed 9984K, reserved 1048576K
}

