# JRE version: OpenJDK Runtime Environment Temurin-17.0.10+7 (17.0.10+7) (build 17.0.10+7)
# Java VM: OpenJDK 64-Bit Server VM Temurin-17.0.10+7 (17.0.10+7, mixed mode, sharing, tiered, compressed oops, compressed class ptrs, g1 gc, windows-amd64)
GC Precious Log:
 CPUs: 16 total, 16 available
 Memory: 14020M
 Large Page Support: Disabled
 NUMA Support: Disabled
 Compressed Oops: Enabled (Zero based)
 Heap Region Size: 2M
 Heap Min Capacity: 8M
 Heap Initial Capacity: 220M
 Heap Max Capacity: 3G
 Pre-touch: Disabled
 Parallel Workers: 13
 Concurrent Workers: 3
 Concurrent Refinement Workers: 13
 Periodic GC: Disabled
Heap:
 garbage-first heap   total 417792K, used 183952K [0x0000000740000000, 0x0000000800000000)
  region size 2048K, 1 young (2048K), 1 survivors (2048K)
 Metaspace       used 69028K, committed 69696K, reserved 1114112K
  class space    used 9728K, committed 10048K, reserved 1048576K
GC Heap History (20 events):
Event: 7.146 GC heap after
{Heap after GC invocations=18 (full 0):
 garbage-first heap   total 131072K, used 52793K [0x0000000740000000, 0x0000000800000000)
  region size 2048K, 1 young (2048K), 1 survivors (2048K)
 Metaspace       used 61059K, committed 61632K, reserved 1114112K
  class space    used 8567K, committed 8832K, reserved 1048576K
}
Event: 7.442 GC heap before
{Heap before GC invocations=18 (full 0):
 garbage-first heap   total 131072K, used 101945K [0x0000000740000000, 0x0000000800000000)
  region size 2048K, 25 young (51200K), 1 survivors (2048K)
 Metaspace       used 61950K, committed 62528K, reserved 1114112K
  class space    used 8703K, committed 8960K, reserved 1048576K
}
Event: 7.445 GC heap after
{Heap after GC invocations=19 (full 0):
 garbage-first heap   total 131072K, used 57144K [0x0000000740000000, 0x0000000800000000)
  region size 2048K, 3 young (6144K), 3 survivors (6144K)
 Metaspace       used 61950K, committed 62528K, reserved 1114112K
  class space    used 8703K, committed 8960K, reserved 1048576K
}
Event: 7.579 GC heap before
{Heap before GC invocations=19 (full 0):
 garbage-first heap   total 131072K, used 75576K [0x0000000740000000, 0x0000000800000000)
  region size 2048K, 11 young (22528K), 3 survivors (6144K)
 Metaspace       used 63172K, committed 63808K, reserved 1114112K
  class space    used 8883K, committed 9216K, reserved 1048576K
}
Event: 7.582 GC heap after
{Heap after GC invocations=20 (full 0):
 garbage-first heap   total 131072K, used 58099K [0x0000000740000000, 0x0000000800000000)
  region size 2048K, 1 young (2048K), 1 survivors (2048K)
 Metaspace       used 63172K, committed 63808K, reserved 1114112K
  class space    used 8883K, committed 9216K, reserved 1048576K
}
Event: 7.589 GC heap before
{Heap before GC invocations=20 (full 0):
 garbage-first heap   total 131072K, used 62195K [0x0000000740000000, 0x0000000800000000)
  region size 2048K, 2 young (4096K), 1 survivors (2048K)
 Metaspace       used 63173K, committed 63808K, reserved 1114112K
  class space    used 8883K, committed 9216K, reserved 1048576K
}
Event: 7.591 GC heap after
{Heap after GC invocations=21 (full 0):
 garbage-first heap   total 131072K, used 57667K [0x0000000740000000, 0x0000000800000000)
  region size 2048K, 1 young (2048K), 1 survivors (2048K)
 Metaspace       used 63173K, committed 63808K, reserved 1114112K
  class space    used 8883K, committed 9216K, reserved 1048576K
}
Event: 7.596 GC heap before
{Heap before GC invocations=21 (full 0):
 garbage-first heap   total 131072K, used 59715K [0x0000000740000000, 0x0000000800000000)
  region size 2048K, 2 young (4096K), 1 survivors (2048K)
 Metaspace       used 63176K, committed 63808K, reserved 1114112K
  class space    used 8883K, committed 9216K, reserved 1048576K
}
Event: 7.597 GC heap after
{Heap after GC invocations=22 (full 0):
 garbage-first heap   total 131072K, used 57599K [0x0000000740000000, 0x0000000800000000)
  region size 2048K, 1 young (2048K), 1 survivors (2048K)
 Metaspace       used 63176K, committed 63808K, reserved 1114112K
  class space    used 8883K, committed 9216K, reserved 1048576K
}
Event: 7.604 GC heap before
{Heap before GC invocations=22 (full 0):
 garbage-first heap   total 131072K, used 59647K [0x0000000740000000, 0x0000000800000000)
  region size 2048K, 2 young (4096K), 1 survivors (2048K)
 Metaspace       used 63192K, committed 63872K, reserved 1114112K
  class space    used 8885K, committed 9216K, reserved 1048576K
}
Event: 7.606 GC heap after
{Heap after GC invocations=23 (full 0):
 garbage-first heap   total 354304K, used 57572K [0x0000000740000000, 0x0000000800000000)
  region size 2048K, 1 young (2048K), 1 survivors (2048K)
 Metaspace       used 63192K, committed 63872K, reserved 1114112K
  class space    used 8885K, committed 9216K, reserved 1048576K
}
Event: 9.170 GC heap before
{Heap before GC invocations=23 (full 0):
 garbage-first heap   total 354304K, used 258276K [0x0000000740000000, 0x0000000800000000)
  region size 2048K, 54 young (110592K), 1 survivors (2048K)
 Metaspace       used 68778K, committed 69504K, reserved 1114112K
  class space    used 9706K, committed 10048K, reserved 1048576K
}
Event: 9.177 GC heap after
{Heap after GC invocations=24 (full 0):
 garbage-first heap   total 354304K, used 63992K [0x0000000740000000, 0x0000000800000000)
  region size 2048K, 4 young (8192K), 4 survivors (8192K)
 Metaspace       used 68778K, committed 69504K, reserved 1114112K
  class space    used 9706K, committed 10048K, reserved 1048576K
}
Event: 9.625 GC heap before
{Heap before GC invocations=24 (full 0):
 garbage-first heap   total 354304K, used 293368K [0x0000000740000000, 0x0000000800000000)
  region size 2048K, 103 young (210944K), 4 survivors (8192K)
 Metaspace       used 69028K, committed 69696K, reserved 1114112K
  class space    used 9728K, committed 10048K, reserved 1048576K
}
Event: 9.688 GC heap after
{Heap after GC invocations=25 (full 0):
 garbage-first heap   total 417792K, used 184107K [0x0000000740000000, 0x0000000800000000)
  region size 2048K, 13 young (26624K), 13 survivors (26624K)
 Metaspace       used 69028K, committed 69696K, reserved 1114112K
  class space    used 9728K, committed 10048K, reserved 1048576K
}
Event: 9.749 GC heap before
{Heap before GC invocations=25 (full 0):
 garbage-first heap   total 417792K, used 214827K [0x0000000740000000, 0x0000000800000000)
  region size 2048K, 14 young (28672K), 13 survivors (26624K)
 Metaspace       used 69028K, committed 69696K, reserved 1114112K
  class space    used 9728K, committed 10048K, reserved 1048576K
}
Event: 9.762 GC heap after
{Heap after GC invocations=26 (full 0):
 garbage-first heap   total 417792K, used 187392K [0x0000000740000000, 0x0000000800000000)
  region size 2048K, 2 young (4096K), 2 survivors (4096K)
 Metaspace       used 69028K, committed 69696K, reserved 1114112K
  class space    used 9728K, committed 10048K, reserved 1048576K
}
Event: 9.765 GC heap before
{Heap before GC invocations=26 (full 0):
 garbage-first heap   total 417792K, used 189440K [0x0000000740000000, 0x0000000800000000)
  region size 2048K, 3 young (6144K), 2 survivors (4096K)
 Metaspace       used 69028K, committed 69696K, reserved 1114112K
  class space    used 9728K, committed 10048K, reserved 1048576K
}
Event: 9.767 GC heap after
{Heap after GC invocations=27 (full 0):
 garbage-first heap   total 417792K, used 184423K [0x0000000740000000, 0x0000000800000000)
  region size 2048K, 1 young (2048K), 1 survivors (2048K)
 Metaspace       used 69028K, committed 69696K, reserved 1114112K
  class space    used 9728K, committed 10048K, reserved 1048576K
}
Event: 9.769 GC heap before
{Heap before GC invocations=27 (full 0):
 garbage-first heap   total 417792K, used 186471K [0x0000000740000000, 0x0000000800000000)
  region size 2048K, 2 young (4096K), 1 survivors (2048K)
 Metaspace       used 69028K, committed 69696K, reserved 1114112K
  class space    used 9728K, committed 10048K, reserved 1048576K
}

